<?xml version="1.0" encoding="UTF-8"?>
<!-- Generated by org.testng.reporters.JUnitXMLReporter -->
<testsuite ignored="0" hostname="IN-J37D3H2" failures="0" tests="3" name="BankingApp Test" time="28.996" errors="0" timestamp="2021-05-05T13:48:52 IST">
  <testcase classname="pom.inetbaking.testcases.TC_Login_001" name="LoginTest001" time="2.765"/>
  <testcase classname="pom.inetbaking.testcases.TC_CreateCustomer_002" name="Custlogin" time="5.619"/>
  <testcase classname="pom.inetbaking.testcases.TC_UploadFile_003" name="uploadfile" time="3.831"/>
</testsuite> <!-- BankingApp Test -->
