<?xml version="1.0" encoding="UTF-8"?>
<testng-results ignored="0" total="1" passed="1" failed="0" skipped="0">
  <reporter-output>
  </reporter-output>
  <suite started-at="2021-05-04T21:51:55 IST" name="Default suite" finished-at="2021-05-04T21:52:05 IST" duration-ms="9660">
    <groups>
    </groups>
    <test started-at="2021-05-04T21:51:55 IST" name="Default test" finished-at="2021-05-04T21:52:05 IST" duration-ms="9660">
      <class name="pom.inetbaking.testcases.TC_UploadFile_003">
        <test-method is-config="true" signature="setup()[pri:0, instance:pom.inetbaking.testcases.TC_UploadFile_003@63376bed]" started-at="2021-05-04T21:51:55 IST" name="setup" finished-at="2021-05-04T21:52:01 IST" duration-ms="5526" status="PASS">
          <reporter-output>
          </reporter-output>
        </test-method> <!-- setup -->
        <test-method signature="uploadfile()[pri:0, instance:pom.inetbaking.testcases.TC_UploadFile_003@63376bed]" started-at="2021-05-04T21:52:01 IST" name="uploadfile" finished-at="2021-05-04T21:52:05 IST" duration-ms="4052" status="PASS">
          <reporter-output>
          </reporter-output>
        </test-method> <!-- uploadfile -->
      </class> <!-- pom.inetbaking.testcases.TC_UploadFile_003 -->
    </test> <!-- Default test -->
  </suite> <!-- Default suite -->
</testng-results>
